05:32:52 **** Incremental Build of configuration Debug for project EX4 ****
Info: Internal Builder is used for build
gcc -o EX4.exe "src\\EX4.o" 
src\EX4.o: In function `calc_Power':
F:\mastring embedded\Github\Assignment3\EX4\Debug/../src/EX4.c:37: undefined reference to `calc_power'
collect2.exe: error: ld returned 1 exit status
05:33:16 **** Incremental Build of configuration Debug for project EX4 ****
Info: Internal Builder is used for build
gcc -O0 -g3 -Wall -c -fmessage-length=0 -o "src\\EX4.o" "..\\src\\EX4.c" 
..\src\EX4.c: In function 'calc_Power':
..\src\EX4.c:36:16: warning: implicit declaration of function 'calc_power'; did you mean 'calc_Power'? [-Wimplicit-function-declaration]
   36 |   return num * calc_power(num, pow - 1);
      |                ^~~~~~~~~~
      |                calc_Power
gcc -o EX4.exe "src\\EX4.o" 
src\EX4.o: In function `calc_Power':
F:\mastring embedded\Github\Assignment3\EX4\Debug/../src/EX4.c:36: undefined reference to `calc_power'
collect2.exe: error: ld returned 1 exit status
05:33:39 **** Incremental Build of configuration Debug for project EX4 ****
Info: Internal Builder is used for build
gcc -O0 -g3 -Wall -c -fmessage-length=0 -o "src\\EX4.o" "..\\src\\EX4.c" 
gcc -o EX4.exe "src\\EX4.o" 
05:33:47 **** Incremental Build of configuration Debug for project EX4 ****
Info: Internal Builder is used for build
gcc -O0 -g3 -Wall -c -fmessage-length=0 -o "src\\EX4.o" "..\\src\\EX4.c" 
gcc -o EX4.exe "src\\EX4.o" 
